2020-03-04T15:13:28+00:00 CRITICAL Uncaught Error: Call to undefined function twentynineteen_get_svg() in C:\xampp\htdocs\wordpress\wp-content\themes\MarkAnnandaleAssignment2\custom-post-template.php:28
Stack trace:
#0 C:\xampp\htdocs\wordpress\wp-includes\template-loader.php(98): include()
#1 C:\xampp\htdocs\wordpress\wp-blog-header.php(19): require_once('C:\\xampp\\htdocs...')
#2 C:\xampp\htdocs\wordpress\index.php(17): require('C:\\xampp\\htdocs...')
#3 {main}
  thrown in C:\xampp\htdocs\wordpress\wp-content\themes\MarkAnnandaleAssignment2\custom-post-template.php on line 28

2020-03-04T15:46:59+00:00 CRITICAL Uncaught Error: Call to undefined function twentynineteen_get_svg() in C:\xampp\htdocs\wordpress\wp-content\themes\MarkAnnandaleAssignment2\custom-post-template.php:28
Stack trace:
#0 C:\xampp\htdocs\wordpress\wp-includes\template-loader.php(98): include()
#1 C:\xampp\htdocs\wordpress\wp-blog-header.php(19): require_once('C:\\xampp\\htdocs...')
#2 C:\xampp\htdocs\wordpress\index.php(17): require('C:\\xampp\\htdocs...')
#3 {main}
  thrown in C:\xampp\htdocs\wordpress\wp-content\themes\MarkAnnandaleAssignment2\custom-post-template.php on line 28

2020-03-04T15:48:18+00:00 CRITICAL Uncaught Error: Call to undefined function twentynineteen_get_svg() in C:\xampp\htdocs\wordpress\wp-content\themes\MarkAnnandaleAssignment2\custom-post-template.php:28
Stack trace:
#0 C:\xampp\htdocs\wordpress\wp-includes\template-loader.php(98): include()
#1 C:\xampp\htdocs\wordpress\wp-blog-header.php(19): require_once('C:\\xampp\\htdocs...')
#2 C:\xampp\htdocs\wordpress\index.php(17): require('C:\\xampp\\htdocs...')
#3 {main}
  thrown in C:\xampp\htdocs\wordpress\wp-content\themes\MarkAnnandaleAssignment2\custom-post-template.php on line 28

2020-03-04T15:50:37+00:00 CRITICAL Uncaught Error: Call to undefined function twentynineteen_get_svg() in C:\xampp\htdocs\wordpress\wp-content\themes\MarkAnnandaleAssignment2\custom-post-template.php:28
Stack trace:
#0 C:\xampp\htdocs\wordpress\wp-includes\template-loader.php(98): include()
#1 C:\xampp\htdocs\wordpress\wp-blog-header.php(19): require_once('C:\\xampp\\htdocs...')
#2 C:\xampp\htdocs\wordpress\index.php(17): require('C:\\xampp\\htdocs...')
#3 {main}
  thrown in C:\xampp\htdocs\wordpress\wp-content\themes\MarkAnnandaleAssignment2\custom-post-template.php on line 28

2020-03-04T15:52:31+00:00 CRITICAL Uncaught Error: Call to undefined function twentynineteen_get_svg() in C:\xampp\htdocs\wordpress\wp-content\themes\MarkAnnandaleAssignment2\custom-post-template.php:28
Stack trace:
#0 C:\xampp\htdocs\wordpress\wp-includes\template-loader.php(98): include()
#1 C:\xampp\htdocs\wordpress\wp-blog-header.php(19): require_once('C:\\xampp\\htdocs...')
#2 C:\xampp\htdocs\wordpress\index.php(17): require('C:\\xampp\\htdocs...')
#3 {main}
  thrown in C:\xampp\htdocs\wordpress\wp-content\themes\MarkAnnandaleAssignment2\custom-post-template.php on line 28

2020-03-04T15:54:48+00:00 CRITICAL Uncaught Error: Call to undefined function twentynineteen_get_svg() in C:\xampp\htdocs\wordpress\wp-content\themes\MarkAnnandaleAssignment2\custom-post-template.php:28
Stack trace:
#0 C:\xampp\htdocs\wordpress\wp-includes\template-loader.php(98): include()
#1 C:\xampp\htdocs\wordpress\wp-blog-header.php(19): require_once('C:\\xampp\\htdocs...')
#2 C:\xampp\htdocs\wordpress\index.php(17): require('C:\\xampp\\htdocs...')
#3 {main}
  thrown in C:\xampp\htdocs\wordpress\wp-content\themes\MarkAnnandaleAssignment2\custom-post-template.php on line 28

2020-03-04T15:54:55+00:00 CRITICAL Uncaught Error: Call to undefined function twentynineteen_get_svg() in C:\xampp\htdocs\wordpress\wp-content\themes\MarkAnnandaleAssignment2\custom-post-template.php:28
Stack trace:
#0 C:\xampp\htdocs\wordpress\wp-includes\template-loader.php(98): include()
#1 C:\xampp\htdocs\wordpress\wp-blog-header.php(19): require_once('C:\\xampp\\htdocs...')
#2 C:\xampp\htdocs\wordpress\index.php(17): require('C:\\xampp\\htdocs...')
#3 {main}
  thrown in C:\xampp\htdocs\wordpress\wp-content\themes\MarkAnnandaleAssignment2\custom-post-template.php on line 28

2020-03-04T18:27:43+00:00 CRITICAL Uncaught Error: Call to undefined function twentynineteen_get_svg() in C:\xampp\htdocs\wordpress\wp-content\themes\MarkAnnandaleAssignment2\custom-post-template.php:28
Stack trace:
#0 C:\xampp\htdocs\wordpress\wp-includes\template-loader.php(98): include()
#1 C:\xampp\htdocs\wordpress\wp-blog-header.php(19): require_once('C:\\xampp\\htdocs...')
#2 C:\xampp\htdocs\wordpress\index.php(17): require('C:\\xampp\\htdocs...')
#3 {main}
  thrown in C:\xampp\htdocs\wordpress\wp-content\themes\MarkAnnandaleAssignment2\custom-post-template.php on line 28

2020-03-04T18:28:21+00:00 CRITICAL Uncaught Error: Call to undefined function twentynineteen_get_svg() in C:\xampp\htdocs\wordpress\wp-content\themes\MarkAnnandaleAssignment2\custom-post-template.php:28
Stack trace:
#0 C:\xampp\htdocs\wordpress\wp-includes\template-loader.php(98): include()
#1 C:\xampp\htdocs\wordpress\wp-blog-header.php(19): require_once('C:\\xampp\\htdocs...')
#2 C:\xampp\htdocs\wordpress\index.php(17): require('C:\\xampp\\htdocs...')
#3 {main}
  thrown in C:\xampp\htdocs\wordpress\wp-content\themes\MarkAnnandaleAssignment2\custom-post-template.php on line 28

2020-03-04T18:29:15+00:00 CRITICAL Uncaught Error: Call to undefined function twentynineteen_get_svg() in C:\xampp\htdocs\wordpress\wp-content\themes\MarkAnnandaleAssignment2\custom-post-template.php:28
Stack trace:
#0 C:\xampp\htdocs\wordpress\wp-includes\template-loader.php(98): include()
#1 C:\xampp\htdocs\wordpress\wp-blog-header.php(19): require_once('C:\\xampp\\htdocs...')
#2 C:\xampp\htdocs\wordpress\index.php(17): require('C:\\xampp\\htdocs...')
#3 {main}
  thrown in C:\xampp\htdocs\wordpress\wp-content\themes\MarkAnnandaleAssignment2\custom-post-template.php on line 28

2020-03-04T19:03:30+00:00 CRITICAL Uncaught Error: Call to undefined function twentynineteen_get_svg() in C:\xampp\htdocs\wordpress\wp-content\themes\MarkAnnandaleAssignment2\custom-post-template.php:28
Stack trace:
#0 C:\xampp\htdocs\wordpress\wp-includes\template-loader.php(98): include()
#1 C:\xampp\htdocs\wordpress\wp-blog-header.php(19): require_once('C:\\xampp\\htdocs...')
#2 C:\xampp\htdocs\wordpress\index.php(17): require('C:\\xampp\\htdocs...')
#3 {main}
  thrown in C:\xampp\htdocs\wordpress\wp-content\themes\MarkAnnandaleAssignment2\custom-post-template.php on line 28

2020-03-04T19:03:44+00:00 CRITICAL Uncaught Error: Call to undefined function twentynineteen_get_svg() in C:\xampp\htdocs\wordpress\wp-content\themes\MarkAnnandaleAssignment2\custom-post-template.php:28
Stack trace:
#0 C:\xampp\htdocs\wordpress\wp-includes\template-loader.php(98): include()
#1 C:\xampp\htdocs\wordpress\wp-blog-header.php(19): require_once('C:\\xampp\\htdocs...')
#2 C:\xampp\htdocs\wordpress\index.php(17): require('C:\\xampp\\htdocs...')
#3 {main}
  thrown in C:\xampp\htdocs\wordpress\wp-content\themes\MarkAnnandaleAssignment2\custom-post-template.php on line 28

2020-03-04T19:04:39+00:00 CRITICAL Uncaught Error: Call to undefined function twentynineteen_get_svg() in C:\xampp\htdocs\wordpress\wp-content\themes\MarkAnnandaleAssignment2\custom-post-template.php:27
Stack trace:
#0 C:\xampp\htdocs\wordpress\wp-includes\template-loader.php(98): include()
#1 C:\xampp\htdocs\wordpress\wp-blog-header.php(19): require_once('C:\\xampp\\htdocs...')
#2 C:\xampp\htdocs\wordpress\index.php(17): require('C:\\xampp\\htdocs...')
#3 {main}
  thrown in C:\xampp\htdocs\wordpress\wp-content\themes\MarkAnnandaleAssignment2\custom-post-template.php on line 27

