2020-03-05T01:11:15+00:00 CRITICAL Uncaught Error: Call to undefined function twentynineteen_get_svg() in C:\xampp\htdocs\wordpress\wp-content\themes\MarkAnnandaleAssignment2\custom-post-template.php:28
Stack trace:
#0 C:\xampp\htdocs\wordpress\wp-includes\template-loader.php(98): include()
#1 C:\xampp\htdocs\wordpress\wp-blog-header.php(19): require_once('C:\\xampp\\htdocs...')
#2 C:\xampp\htdocs\wordpress\index.php(17): require('C:\\xampp\\htdocs...')
#3 {main}
  thrown in C:\xampp\htdocs\wordpress\wp-content\themes\MarkAnnandaleAssignment2\custom-post-template.php on line 28

2020-03-05T01:14:31+00:00 CRITICAL Uncaught Error: Call to undefined function twentynineteen_get_svg() in C:\xampp\htdocs\wordpress\wp-content\themes\MarkAnnandaleAssignment2\custom-post-template.php:28
Stack trace:
#0 C:\xampp\htdocs\wordpress\wp-includes\template-loader.php(98): include()
#1 C:\xampp\htdocs\wordpress\wp-blog-header.php(19): require_once('C:\\xampp\\htdocs...')
#2 C:\xampp\htdocs\wordpress\index.php(17): require('C:\\xampp\\htdocs...')
#3 {main}
  thrown in C:\xampp\htdocs\wordpress\wp-content\themes\MarkAnnandaleAssignment2\custom-post-template.php on line 28

2020-03-05T01:14:42+00:00 CRITICAL Uncaught Error: Call to undefined function twentynineteen_get_svg() in C:\xampp\htdocs\wordpress\wp-content\themes\MarkAnnandaleAssignment2\custom-post-template.php:28
Stack trace:
#0 C:\xampp\htdocs\wordpress\wp-includes\template-loader.php(98): include()
#1 C:\xampp\htdocs\wordpress\wp-blog-header.php(19): require_once('C:\\xampp\\htdocs...')
#2 C:\xampp\htdocs\wordpress\index.php(17): require('C:\\xampp\\htdocs...')
#3 {main}
  thrown in C:\xampp\htdocs\wordpress\wp-content\themes\MarkAnnandaleAssignment2\custom-post-template.php on line 28

2020-03-05T01:16:25+00:00 CRITICAL Uncaught Error: Call to undefined function twentynineteen_get_svg() in C:\xampp\htdocs\wordpress\wp-content\themes\MarkAnnandaleAssignment2\custom-post-template.php:28
Stack trace:
#0 C:\xampp\htdocs\wordpress\wp-includes\template-loader.php(98): include()
#1 C:\xampp\htdocs\wordpress\wp-blog-header.php(19): require_once('C:\\xampp\\htdocs...')
#2 C:\xampp\htdocs\wordpress\index.php(17): require('C:\\xampp\\htdocs...')
#3 {main}
  thrown in C:\xampp\htdocs\wordpress\wp-content\themes\MarkAnnandaleAssignment2\custom-post-template.php on line 28

2020-03-05T01:16:42+00:00 CRITICAL Uncaught Error: Call to undefined function twentynineteen_get_svg() in C:\xampp\htdocs\wordpress\wp-content\themes\MarkAnnandaleAssignment2\custom-post-template.php:28
Stack trace:
#0 C:\xampp\htdocs\wordpress\wp-includes\template-loader.php(98): include()
#1 C:\xampp\htdocs\wordpress\wp-blog-header.php(19): require_once('C:\\xampp\\htdocs...')
#2 C:\xampp\htdocs\wordpress\index.php(17): require('C:\\xampp\\htdocs...')
#3 {main}
  thrown in C:\xampp\htdocs\wordpress\wp-content\themes\MarkAnnandaleAssignment2\custom-post-template.php on line 28

2020-03-05T01:17:01+00:00 CRITICAL Uncaught Error: Call to undefined function twentynineteen_get_svg() in C:\xampp\htdocs\wordpress\wp-content\themes\MarkAnnandaleAssignment2\custom-post-template.php:28
Stack trace:
#0 C:\xampp\htdocs\wordpress\wp-includes\template-loader.php(98): include()
#1 C:\xampp\htdocs\wordpress\wp-blog-header.php(19): require_once('C:\\xampp\\htdocs...')
#2 C:\xampp\htdocs\wordpress\index.php(17): require('C:\\xampp\\htdocs...')
#3 {main}
  thrown in C:\xampp\htdocs\wordpress\wp-content\themes\MarkAnnandaleAssignment2\custom-post-template.php on line 28

2020-03-05T01:17:35+00:00 CRITICAL Uncaught Error: Call to undefined function twentynineteen_get_svg() in C:\xampp\htdocs\wordpress\wp-content\themes\MarkAnnandaleAssignment2\custom-post-template.php:28
Stack trace:
#0 C:\xampp\htdocs\wordpress\wp-includes\template-loader.php(98): include()
#1 C:\xampp\htdocs\wordpress\wp-blog-header.php(19): require_once('C:\\xampp\\htdocs...')
#2 C:\xampp\htdocs\wordpress\index.php(17): require('C:\\xampp\\htdocs...')
#3 {main}
  thrown in C:\xampp\htdocs\wordpress\wp-content\themes\MarkAnnandaleAssignment2\custom-post-template.php on line 28

2020-03-05T01:18:01+00:00 CRITICAL Uncaught Error: Call to undefined function twentynineteen_get_svg() in C:\xampp\htdocs\wordpress\wp-content\themes\MarkAnnandaleAssignment2\custom-post-template.php:28
Stack trace:
#0 C:\xampp\htdocs\wordpress\wp-includes\template-loader.php(98): include()
#1 C:\xampp\htdocs\wordpress\wp-blog-header.php(19): require_once('C:\\xampp\\htdocs...')
#2 C:\xampp\htdocs\wordpress\index.php(17): require('C:\\xampp\\htdocs...')
#3 {main}
  thrown in C:\xampp\htdocs\wordpress\wp-content\themes\MarkAnnandaleAssignment2\custom-post-template.php on line 28

2020-03-05T01:18:23+00:00 CRITICAL Uncaught Error: Call to undefined function twentynineteen_get_svg() in C:\xampp\htdocs\wordpress\wp-content\themes\MarkAnnandaleAssignment2\custom-post-template.php:28
Stack trace:
#0 C:\xampp\htdocs\wordpress\wp-includes\template-loader.php(98): include()
#1 C:\xampp\htdocs\wordpress\wp-blog-header.php(19): require_once('C:\\xampp\\htdocs...')
#2 C:\xampp\htdocs\wordpress\index.php(17): require('C:\\xampp\\htdocs...')
#3 {main}
  thrown in C:\xampp\htdocs\wordpress\wp-content\themes\MarkAnnandaleAssignment2\custom-post-template.php on line 28

2020-03-05T01:18:42+00:00 CRITICAL Uncaught Error: Call to undefined function twentynineteen_get_svg() in C:\xampp\htdocs\wordpress\wp-content\themes\MarkAnnandaleAssignment2\custom-post-template.php:28
Stack trace:
#0 C:\xampp\htdocs\wordpress\wp-includes\template-loader.php(98): include()
#1 C:\xampp\htdocs\wordpress\wp-blog-header.php(19): require_once('C:\\xampp\\htdocs...')
#2 C:\xampp\htdocs\wordpress\index.php(17): require('C:\\xampp\\htdocs...')
#3 {main}
  thrown in C:\xampp\htdocs\wordpress\wp-content\themes\MarkAnnandaleAssignment2\custom-post-template.php on line 28

2020-03-05T01:18:58+00:00 CRITICAL Uncaught Error: Call to undefined function twentynineteen_get_svg() in C:\xampp\htdocs\wordpress\wp-content\themes\MarkAnnandaleAssignment2\custom-post-template.php:28
Stack trace:
#0 C:\xampp\htdocs\wordpress\wp-includes\template-loader.php(98): include()
#1 C:\xampp\htdocs\wordpress\wp-blog-header.php(19): require_once('C:\\xampp\\htdocs...')
#2 C:\xampp\htdocs\wordpress\index.php(17): require('C:\\xampp\\htdocs...')
#3 {main}
  thrown in C:\xampp\htdocs\wordpress\wp-content\themes\MarkAnnandaleAssignment2\custom-post-template.php on line 28

2020-03-05T01:19:07+00:00 CRITICAL Uncaught Error: Call to undefined function twentynineteen_get_svg() in C:\xampp\htdocs\wordpress\wp-content\themes\MarkAnnandaleAssignment2\custom-post-template.php:28
Stack trace:
#0 C:\xampp\htdocs\wordpress\wp-includes\template-loader.php(98): include()
#1 C:\xampp\htdocs\wordpress\wp-blog-header.php(19): require_once('C:\\xampp\\htdocs...')
#2 C:\xampp\htdocs\wordpress\index.php(17): require('C:\\xampp\\htdocs...')
#3 {main}
  thrown in C:\xampp\htdocs\wordpress\wp-content\themes\MarkAnnandaleAssignment2\custom-post-template.php on line 28

2020-03-05T01:19:15+00:00 CRITICAL Uncaught Error: Call to undefined function twentynineteen_get_svg() in C:\xampp\htdocs\wordpress\wp-content\themes\MarkAnnandaleAssignment2\custom-post-template.php:28
Stack trace:
#0 C:\xampp\htdocs\wordpress\wp-includes\template-loader.php(98): include()
#1 C:\xampp\htdocs\wordpress\wp-blog-header.php(19): require_once('C:\\xampp\\htdocs...')
#2 C:\xampp\htdocs\wordpress\index.php(17): require('C:\\xampp\\htdocs...')
#3 {main}
  thrown in C:\xampp\htdocs\wordpress\wp-content\themes\MarkAnnandaleAssignment2\custom-post-template.php on line 28

2020-03-05T01:20:15+00:00 CRITICAL Uncaught Error: Call to undefined function twentynineteen_get_svg() in C:\xampp\htdocs\wordpress\wp-content\themes\MarkAnnandaleAssignment2\custom-post-template.php:28
Stack trace:
#0 C:\xampp\htdocs\wordpress\wp-includes\template-loader.php(98): include()
#1 C:\xampp\htdocs\wordpress\wp-blog-header.php(19): require_once('C:\\xampp\\htdocs...')
#2 C:\xampp\htdocs\wordpress\index.php(17): require('C:\\xampp\\htdocs...')
#3 {main}
  thrown in C:\xampp\htdocs\wordpress\wp-content\themes\MarkAnnandaleAssignment2\custom-post-template.php on line 28

2020-03-05T01:20:42+00:00 CRITICAL Uncaught Error: Call to undefined function twentynineteen_get_svg() in C:\xampp\htdocs\wordpress\wp-content\themes\MarkAnnandaleAssignment2\custom-post-template.php:28
Stack trace:
#0 C:\xampp\htdocs\wordpress\wp-includes\template-loader.php(98): include()
#1 C:\xampp\htdocs\wordpress\wp-blog-header.php(19): require_once('C:\\xampp\\htdocs...')
#2 C:\xampp\htdocs\wordpress\index.php(17): require('C:\\xampp\\htdocs...')
#3 {main}
  thrown in C:\xampp\htdocs\wordpress\wp-content\themes\MarkAnnandaleAssignment2\custom-post-template.php on line 28

2020-03-05T01:22:57+00:00 CRITICAL Uncaught Error: Call to undefined function twentynineteen_get_svg() in C:\xampp\htdocs\wordpress\wp-content\themes\MarkAnnandaleAssignment2\custom-post-template.php:28
Stack trace:
#0 C:\xampp\htdocs\wordpress\wp-includes\template-loader.php(98): include()
#1 C:\xampp\htdocs\wordpress\wp-blog-header.php(19): require_once('C:\\xampp\\htdocs...')
#2 C:\xampp\htdocs\wordpress\index.php(17): require('C:\\xampp\\htdocs...')
#3 {main}
  thrown in C:\xampp\htdocs\wordpress\wp-content\themes\MarkAnnandaleAssignment2\custom-post-template.php on line 28

2020-03-05T01:25:39+00:00 CRITICAL Uncaught Error: Call to undefined function twentynineteen_get_svg() in C:\xampp\htdocs\wordpress\wp-content\themes\MarkAnnandaleAssignment2\custom-post-template.php:28
Stack trace:
#0 C:\xampp\htdocs\wordpress\wp-includes\template-loader.php(98): include()
#1 C:\xampp\htdocs\wordpress\wp-blog-header.php(19): require_once('C:\\xampp\\htdocs...')
#2 C:\xampp\htdocs\wordpress\index.php(17): require('C:\\xampp\\htdocs...')
#3 {main}
  thrown in C:\xampp\htdocs\wordpress\wp-content\themes\MarkAnnandaleAssignment2\custom-post-template.php on line 28

2020-03-05T01:29:33+00:00 CRITICAL Uncaught Error: Call to undefined function twentynineteen_get_svg() in C:\xampp\htdocs\wordpress\wp-content\themes\MarkAnnandaleAssignment2\custom-post-template.php:28
Stack trace:
#0 C:\xampp\htdocs\wordpress\wp-includes\template-loader.php(98): include()
#1 C:\xampp\htdocs\wordpress\wp-blog-header.php(19): require_once('C:\\xampp\\htdocs...')
#2 C:\xampp\htdocs\wordpress\index.php(17): require('C:\\xampp\\htdocs...')
#3 {main}
  thrown in C:\xampp\htdocs\wordpress\wp-content\themes\MarkAnnandaleAssignment2\custom-post-template.php on line 28

2020-03-05T01:41:43+00:00 CRITICAL Uncaught Error: Call to undefined function twentynineteen_get_svg() in C:\xampp\htdocs\wordpress\wp-content\themes\MarkAnnandaleAssignment2\custom-post-template.php:28
Stack trace:
#0 C:\xampp\htdocs\wordpress\wp-includes\template-loader.php(98): include()
#1 C:\xampp\htdocs\wordpress\wp-blog-header.php(19): require_once('C:\\xampp\\htdocs...')
#2 C:\xampp\htdocs\wordpress\index.php(17): require('C:\\xampp\\htdocs...')
#3 {main}
  thrown in C:\xampp\htdocs\wordpress\wp-content\themes\MarkAnnandaleAssignment2\custom-post-template.php on line 28

